<?xml version="1.0" encoding="UTF-8"?>
<!-- Generated by org.testng.reporters.JUnitReportReporter -->
<testsuite hostname="Anittamariya" failures="0" tests="5" name="tests.TestClass" time="43.542" errors="0" timestamp="2024-12-03T23:12:19 IST" skipped="0">
  <testcase classname="tests.TestClass" name="signUpTest" time="2.845"/>
  <testcase classname="tests.TestClass" name="loginTest" time="1.846"/>
  <testcase classname="tests.TestClass" name="explorePagesTest" time="13.898"/>
  <testcase classname="tests.TestClass" name="viewPlaceDetailsTest" time="12.798"/>
  <testcase classname="tests.TestClass" name="reLoginTest" time="12.155"/>
</testsuite> <!-- tests.TestClass -->
